<?xml version="1.0" encoding="UTF-8"?>
<!-- Generated by org.testng.reporters.JUnitReportReporter -->
<testsuite hostname="USER" failures="0" tests="1" name="cucumber.TestNGTestRunner" time="48.737" errors="0" timestamp="2023-04-05T11:20:01 IST" skipped="0">
  <testcase classname="cucumber.TestNGTestRunner" name="runScenario" time="48.737"/>
  <system-out/>
</testsuite> <!-- cucumber.TestNGTestRunner -->
