<?xml version="1.0" encoding="UTF-8"?>
<!-- Generated by org.testng.reporters.JUnitReportReporter -->
<testsuite hostname="USER" failures="0" tests="1" name="retailpackage.RTtests.ErrorValidation" time="16.475" errors="0" timestamp="2023-03-27T08:12:10 IST" skipped="0">
  <testcase classname="retailpackage.RTtests.ErrorValidation" name="ErrorValidation" time="16.475"/>
  <system-out/>
</testsuite> <!-- retailpackage.RTtests.ErrorValidation -->
