<?xml version="1.0" encoding="UTF-8"?>
<!-- Generated by org.testng.reporters.JUnitReportReporter -->
<testsuite hostname="USER" failures="0" tests="1" name="retailpackage.RTtests.ErrorValidation" time="23.229" errors="0" timestamp="2023-04-02T23:44:24 IST" skipped="0">
  <testcase classname="retailpackage.RTtests.ErrorValidation" name="ErrorValidation" time="23.229"/>
  <system-out/>
</testsuite> <!-- retailpackage.RTtests.ErrorValidation -->
