<?xml version="1.0" encoding="UTF-8"?>
<!-- Generated by org.testng.reporters.JUnitReportReporter -->
<testsuite hostname="USER" failures="0" tests="2" name="retailpackage.RTtests.SubmitShoeOrders" time="155.291" errors="0" timestamp="2023-04-02T13:58:30 IST" skipped="0">
  <testcase classname="retailpackage.RTtests.SubmitShoeOrders" name="submitShoeOrder" time="68.571"/>
  <system-out/>
  <testcase classname="retailpackage.RTtests.SubmitShoeOrders" name="submitShoeOrder" time="86.720"/>
  <system-out/>
</testsuite> <!-- retailpackage.RTtests.SubmitShoeOrders -->
